<?xml version="1.0" encoding="UTF-8"?><testrun name="OperacionesMatematicasTest" project="Programacion-Orientada-Objeto" tests="4" started="4" failures="1" errors="0" ignored="0">
  <testsuite name="com.cursojava04.modulo4.junit.OperacionesMatematicasTest" time="0.112" displayname="OperacionesMatematicasTest" uniqueid="[engine:junit-jupiter]/[class:com.cursojava04.modulo4.junit.OperacionesMatematicasTest]">
    <testcase name="testSumar" classname="com.cursojava04.modulo4.junit.OperacionesMatematicasTest" time="0.067" displayname="testSumar()" uniqueid="[engine:junit-jupiter]/[class:com.cursojava04.modulo4.junit.OperacionesMatematicasTest]/[method:testSumar()]"/>
    <testcase name="testMultiplicar" classname="com.cursojava04.modulo4.junit.OperacionesMatematicasTest" time="0.002" displayname="testMultiplicar()" uniqueid="[engine:junit-jupiter]/[class:com.cursojava04.modulo4.junit.OperacionesMatematicasTest]/[method:testMultiplicar()]"/>
    <testcase name="testDividir" classname="com.cursojava04.modulo4.junit.OperacionesMatematicasTest" time="0.029" displayname="testDividir()" uniqueid="[engine:junit-jupiter]/[class:com.cursojava04.modulo4.junit.OperacionesMatematicasTest]/[method:testDividir()]">
      <failure>java.lang.AssertionError: expected java.lang.IllegalArgumentException to be thrown, but nothing was thrown&#13;
	at org.junit.Assert.assertThrows(Assert.java:1028)&#13;
	at org.junit.Assert.assertThrows(Assert.java:981)&#13;
	at com.cursojava04.modulo4.junit.OperacionesMatematicasTest.testDividir(OperacionesMatematicasTest.java:63)&#13;
	at java.lang.reflect.Method.invoke(Unknown Source)&#13;
	at java.util.ArrayList.forEach(Unknown Source)&#13;
	at java.util.ArrayList.forEach(Unknown Source)&#13;
&#13;
</failure>
    </testcase>
    <testcase name="testRestar" classname="com.cursojava04.modulo4.junit.OperacionesMatematicasTest" time="0.008" displayname="testRestar()" uniqueid="[engine:junit-jupiter]/[class:com.cursojava04.modulo4.junit.OperacionesMatematicasTest]/[method:testRestar()]"/>
  </testsuite>
</testrun>
